-------------------------------------------------------------------------------
Test set: org.example.OrderProcessingTest
-------------------------------------------------------------------------------
Tests run: 1, Failures: 1, Errors: 0, Skipped: 0, Time elapsed: 0.001 sec <<< FAILURE!
org.example.OrderProcessingTest.testOrderProcessing()  Time elapsed: 0 sec  <<< FAILURE!
java.lang.NullPointerException: Cannot invoke "org.example.SMSNotification.sendSMSNotification()" because "this.smsNotification" is null
	at org.example.OrderProcessingTest.testOrderProcessing(OrderProcessingTest.java:28)

