<?xml version="1.0" encoding="UTF-8"?>
<testsuite xmlns:xsi="http://www.w3.org/2001/XMLSchema-instance" xsi:noNamespaceSchemaLocation="https://maven.apache.org/surefire/maven-surefire-plugin/xsd/surefire-test-report-3.0.xsd" version="3.0" name="org.example.Tema1.challenge1.StringUtilityTest" time="0.07" tests="2" errors="0" skipped="0" failures="0">
  <properties>
[...]
</properties>
  <testcase name="Reverse" classname="org.example.Tema1.challenge1.StringUtilityTest" time="0.033"/>
  <testcase name="countingOccurrences" classname="org.example.Tema1.challenge1.StringUtilityTest" time="0.003"/>
</testsuite>