<?xml version="1.0" encoding="UTF-8" ?>
<testsuite tests="3" failures="0" name="org.example.calculator.CalculatorTest" time="0.001" errors="0" skipped="0">
  <properties>
[...]
</properties>
  <testcase classname="org.example.calculator.CalculatorTest" name="org.example.calculator.CalculatorTest.testMultiplyingNumbers" time="0.001"/>
  <testcase classname="org.example.calculator.CalculatorTest" name="org.example.calculator.CalculatorTest.testMultiplyingNegativeNumbers" time="0"/>
  <testcase classname="org.example.calculator.CalculatorTest" name="org.example.calculator.CalculatorTest.testAddingNumbers" time="0"/>
</testsuite>