<?xml version="1.0" encoding="UTF-8"?>
<testsuite xmlns:xsi="http://www.w3.org/2001/XMLSchema-instance" xsi:noNamespaceSchemaLocation="https://maven.apache.org/surefire/maven-surefire-plugin/xsd/surefire-test-report-3.0.xsd" version="3.0" name="org.example.OrderProcesingTest" time="0.53" tests="1" errors="0" skipped="0" failures="0">
  <properties>
[...]
</properties>
  <testcase name="testOrderProcessing" classname="org.example.OrderProcesingTest" time="0.523">
    <system-out><![CDATA[Order details: Order(id=1, customer=John, product=Iphone)
]]></system-out>
  </testcase>
</testsuite>