<?xml version="1.0" encoding="UTF-8"?>
<testsuite xmlns:xsi="http://www.w3.org/2001/XMLSchema-instance" xsi:noNamespaceSchemaLocation="https://maven.apache.org/surefire/maven-surefire-plugin/xsd/surefire-test-report-3.0.xsd" version="3.0" name="org.example.UserRegistrationServiceTest" time="0.07" tests="2" errors="0" skipped="0" failures="0">
  <properties>
[...]
</properties>
  <testcase name="testRegisterUser" classname="org.example.UserRegistrationServiceTest" time="0.041">
    <system-out><![CDATA[Registering new user User(id=1, name=Jhon)
]]></system-out>
  </testcase>
  <testcase name="testRegisterUserThrowsExceptionWhenUserIsNull" classname="org.example.UserRegistrationServiceTest" time="0.004">
    <system-out><![CDATA[Test succeded//
]]></system-out>
  </testcase>
</testsuite>